<?xml version="1.0" encoding="UTF-8"?>
<testng-results ignored="0" total="2" passed="1" failed="1" skipped="0">
  <reporter-output>
  </reporter-output>
  <suite started-at="2023-03-28T21:06:28 IST" name="Suite" finished-at="2023-03-28T21:06:49 IST" duration-ms="21198">
    <groups>
    </groups>
    <test started-at="2023-03-28T21:06:28 IST" name="Test" finished-at="2023-03-28T21:06:49 IST" duration-ms="21198">
      <class name="com.ImpactChain.org.testcases.LoginPageTest">
        <test-method is-config="true" signature="configExtent(java.lang.String)[pri:0, instance:com.ImpactChain.org.testcases.LoginPageTest@71075444]" started-at="2023-03-28T21:06:28 IST" name="configExtent" finished-at="2023-03-28T21:06:28 IST" duration-ms="216" status="PASS">
          <params>
            <param index="0">
              <value>
                <![CDATA[]]>
              </value>
            </param>
          </params>
          <reporter-output>
          </reporter-output>
        </test-method> <!-- configExtent -->
        <test-method is-config="true" signature="setUp(java.lang.reflect.Method,java.lang.String)[pri:0, instance:com.ImpactChain.org.testcases.LoginPageTest@71075444]" started-at="2023-03-28T21:06:28 IST" name="setUp" finished-at="2023-03-28T21:06:31 IST" duration-ms="2928" status="PASS">
          <params>
            <param index="0">
              <value>
                <![CDATA[public void com.ImpactChain.org.testcases.LoginPageTest.verifyLogin()]]>
              </value>
            </param>
            <param index="1">
              <value>
                <![CDATA[]]>
              </value>
            </param>
          </params>
          <reporter-output>
          </reporter-output>
        </test-method> <!-- setUp -->
        <test-method signature="verifyLogin()[pri:0, instance:com.ImpactChain.org.testcases.LoginPageTest@71075444]" started-at="2023-03-28T21:06:31 IST" name="verifyLogin" finished-at="2023-03-28T21:06:39 IST" duration-ms="7831" status="PASS">
          <reporter-output>
          </reporter-output>
        </test-method> <!-- verifyLogin -->
        <test-method is-config="true" signature="tearDown(org.testng.ITestResult)[pri:0, instance:com.ImpactChain.org.testcases.LoginPageTest@71075444]" started-at="2023-03-28T21:06:39 IST" name="tearDown" finished-at="2023-03-28T21:06:39 IST" duration-ms="320" status="PASS">
          <params>
            <param index="0">
              <value>
                <![CDATA[[TestResult name=verifyLogin status=SUCCESS method=LoginPageTest.verifyLogin()[pri:0, instance:com.ImpactChain.org.testcases.LoginPageTest@71075444] output={null}]]]>
              </value>
            </param>
          </params>
          <reporter-output>
          </reporter-output>
        </test-method> <!-- tearDown -->
        <test-method is-config="true" signature="endExtentReport()[pri:0, instance:com.ImpactChain.org.testcases.LoginPageTest@71075444]" started-at="2023-03-28T21:06:48 IST" name="endExtentReport" finished-at="2023-03-28T21:06:49 IST" duration-ms="347" status="PASS">
          <reporter-output>
          </reporter-output>
        </test-method> <!-- endExtentReport -->
      </class> <!-- com.ImpactChain.org.testcases.LoginPageTest -->
      <class name="com.ImpactChain.org.testcases.LoginPageTest2">
        <test-method is-config="true" signature="configExtent(java.lang.String)[pri:0, instance:com.ImpactChain.org.testcases.LoginPageTest2@1a245833]" started-at="2023-03-28T21:06:28 IST" name="configExtent" finished-at="2023-03-28T21:06:28 IST" duration-ms="3" status="PASS">
          <params>
            <param index="0">
              <value>
                <![CDATA[]]>
              </value>
            </param>
          </params>
          <reporter-output>
          </reporter-output>
        </test-method> <!-- configExtent -->
        <test-method is-config="true" signature="setUp(java.lang.reflect.Method,java.lang.String)[pri:0, instance:com.ImpactChain.org.testcases.LoginPageTest2@1a245833]" started-at="2023-03-28T21:06:39 IST" name="setUp" finished-at="2023-03-28T21:06:40 IST" duration-ms="1399" status="PASS">
          <params>
            <param index="0">
              <value>
                <![CDATA[public void com.ImpactChain.org.testcases.LoginPageTest2.verifyLogin()]]>
              </value>
            </param>
            <param index="1">
              <value>
                <![CDATA[]]>
              </value>
            </param>
          </params>
          <reporter-output>
          </reporter-output>
        </test-method> <!-- setUp -->
        <test-method signature="verifyLogin()[pri:0, instance:com.ImpactChain.org.testcases.LoginPageTest2@1a245833]" started-at="2023-03-28T21:06:40 IST" name="verifyLogin" finished-at="2023-03-28T21:06:48 IST" duration-ms="7453" status="FAIL">
          <exception class="java.lang.AssertionError">
            <message>
              <![CDATA[expected [Sign In1] but found [Sign In]]]>
            </message>
            <full-stacktrace>
              <![CDATA[java.lang.AssertionError: expected [Sign In1] but found [Sign In]
at org.testng.Assert.fail(Assert.java:99)
at org.testng.Assert.failNotEquals(Assert.java:1037)
at org.testng.Assert.assertEqualsImpl(Assert.java:140)
at org.testng.Assert.assertEquals(Assert.java:122)
at org.testng.Assert.assertEquals(Assert.java:617)
at com.ImpactChain.org.utils.FunctionLibraryESG.verify(FunctionLibraryESG.java:98)
at com.ImpactChain.org.pageclass.LoginPage.verifyLoginText2(LoginPage.java:72)
at com.ImpactChain.org.testcases.LoginPageTest2.verifyLogin(LoginPageTest2.java:67)
at java.base/jdk.internal.reflect.NativeMethodAccessorImpl.invoke0(Native Method)
at java.base/jdk.internal.reflect.NativeMethodAccessorImpl.invoke(NativeMethodAccessorImpl.java:77)
at java.base/jdk.internal.reflect.DelegatingMethodAccessorImpl.invoke(DelegatingMethodAccessorImpl.java:43)
at java.base/java.lang.reflect.Method.invoke(Method.java:568)
at org.testng.internal.MethodInvocationHelper.invokeMethod(MethodInvocationHelper.java:133)
at org.testng.internal.TestInvoker.invokeMethod(TestInvoker.java:598)
at org.testng.internal.TestInvoker.invokeTestMethod(TestInvoker.java:173)
at org.testng.internal.MethodRunner.runInSequence(MethodRunner.java:46)
at org.testng.internal.TestInvoker$MethodInvocationAgent.invoke(TestInvoker.java:824)
at org.testng.internal.TestInvoker.invokeTestMethods(TestInvoker.java:146)
at org.testng.internal.TestMethodWorker.invokeTestMethods(TestMethodWorker.java:146)
at org.testng.internal.TestMethodWorker.run(TestMethodWorker.java:128)
at java.base/java.util.ArrayList.forEach(ArrayList.java:1511)
at org.testng.TestRunner.privateRun(TestRunner.java:794)
at org.testng.TestRunner.run(TestRunner.java:596)
at org.testng.SuiteRunner.runTest(SuiteRunner.java:377)
at org.testng.SuiteRunner.runSequentially(SuiteRunner.java:371)
at org.testng.SuiteRunner.privateRun(SuiteRunner.java:332)
at org.testng.SuiteRunner.run(SuiteRunner.java:276)
at org.testng.SuiteRunnerWorker.runSuite(SuiteRunnerWorker.java:53)
at org.testng.SuiteRunnerWorker.run(SuiteRunnerWorker.java:96)
at org.testng.TestNG.runSuitesSequentially(TestNG.java:1212)
at org.testng.TestNG.runSuitesLocally(TestNG.java:1134)
at org.testng.TestNG.runSuites(TestNG.java:1063)
at org.testng.TestNG.run(TestNG.java:1031)
at org.testng.remote.AbstractRemoteTestNG.run(AbstractRemoteTestNG.java:115)
at org.testng.remote.RemoteTestNG.initAndRun(RemoteTestNG.java:251)
at org.testng.remote.RemoteTestNG.main(RemoteTestNG.java:77)
]]>
            </full-stacktrace>
          </exception> <!-- java.lang.AssertionError -->
          <reporter-output>
          </reporter-output>
        </test-method> <!-- verifyLogin -->
        <test-method is-config="true" signature="tearDown(org.testng.ITestResult)[pri:0, instance:com.ImpactChain.org.testcases.LoginPageTest2@1a245833]" started-at="2023-03-28T21:06:48 IST" name="tearDown" finished-at="2023-03-28T21:06:48 IST" duration-ms="576" status="PASS">
          <params>
            <param index="0">
              <value>
                <![CDATA[[TestResult name=verifyLogin status=FAILURE method=LoginPageTest2.verifyLogin()[pri:0, instance:com.ImpactChain.org.testcases.LoginPageTest2@1a245833] output={null}]]]>
              </value>
            </param>
          </params>
          <reporter-output>
          </reporter-output>
        </test-method> <!-- tearDown -->
        <test-method is-config="true" signature="endExtentReport()[pri:0, instance:com.ImpactChain.org.testcases.LoginPageTest2@1a245833]" started-at="2023-03-28T21:06:49 IST" name="endExtentReport" finished-at="2023-03-28T21:06:49 IST" duration-ms="68" status="PASS">
          <reporter-output>
          </reporter-output>
        </test-method> <!-- endExtentReport -->
      </class> <!-- com.ImpactChain.org.testcases.LoginPageTest2 -->
    </test> <!-- Test -->
  </suite> <!-- Suite -->
</testng-results>
